The target system is: Linux -  - 
The host system is: Linux - 3.10.0-229.11.1.el7.x86_64 - x86_64
Compiling the C compiler identification source file "CMakeCCompilerId.c" succeeded.
Compiler: /home/zhangbin/android/tools/gcc-linaro-4.9-2014.11-x86_64_arm-linux-gnueabihf/bin/arm-linux-gnueabihf-gcc 
Build flags: 
Id flags: 

The output was:
0


Compilation of the C compiler identification source "CMakeCCompilerId.c" produced "a.out"

The C compiler identification is GNU, found in "/home/zhangbin/nuf/nfshome/st/toffaletti/armhfcross/CMakeFiles/2.8.11/CompilerIdC/a.out"

Compiling the CXX compiler identification source file "CMakeCXXCompilerId.cpp" succeeded.
Compiler: /home/zhangbin/android/tools/gcc-linaro-4.9-2014.11-x86_64_arm-linux-gnueabihf/bin/arm-linux-gnueabihf-g++ 
Build flags: 
Id flags: 

The output was:
0


Compilation of the CXX compiler identification source "CMakeCXXCompilerId.cpp" produced "a.out"

The CXX compiler identification is GNU, found in "/home/zhangbin/nuf/nfshome/st/toffaletti/armhfcross/CMakeFiles/2.8.11/CompilerIdCXX/a.out"

Determining if the C compiler works passed with the following output:
Change Dir: /home/zhangbin/nuf/nfshome/st/toffaletti/armhfcross/CMakeFiles/CMakeTmp

Run Build Command:/bin/gmake "cmTryCompileExec104377385/fast"
/bin/gmake -f CMakeFiles/cmTryCompileExec104377385.dir/build.make CMakeFiles/cmTryCompileExec104377385.dir/build
gmake[1]: 进入目录“/home/zhangbin/nuf/nfshome/st/toffaletti/armhfcross/CMakeFiles/CMakeTmp”
/usr/bin/cmake -E cmake_progress_report /home/zhangbin/nuf/nfshome/st/toffaletti/armhfcross/CMakeFiles/CMakeTmp/CMakeFiles 1
Building C object CMakeFiles/cmTryCompileExec104377385.dir/testCCompiler.c.o
/home/zhangbin/android/tools/gcc-linaro-4.9-2014.11-x86_64_arm-linux-gnueabihf/bin/arm-linux-gnueabihf-gcc    -o CMakeFiles/cmTryCompileExec104377385.dir/testCCompiler.c.o   -c /home/zhangbin/nuf/nfshome/st/toffaletti/armhfcross/CMakeFiles/CMakeTmp/testCCompiler.c
Linking C executable cmTryCompileExec104377385
/usr/bin/cmake -E cmake_link_script CMakeFiles/cmTryCompileExec104377385.dir/link.txt --verbose=1
/home/zhangbin/android/tools/gcc-linaro-4.9-2014.11-x86_64_arm-linux-gnueabihf/bin/arm-linux-gnueabihf-gcc         CMakeFiles/cmTryCompileExec104377385.dir/testCCompiler.c.o  -o cmTryCompileExec104377385 -rdynamic 
gmake[1]: 离开目录“/home/zhangbin/nuf/nfshome/st/toffaletti/armhfcross/CMakeFiles/CMakeTmp”


Detecting C compiler ABI info compiled with the following output:
Change Dir: /home/zhangbin/nuf/nfshome/st/toffaletti/armhfcross/CMakeFiles/CMakeTmp

Run Build Command:/bin/gmake "cmTryCompileExec2018378639/fast"
/bin/gmake -f CMakeFiles/cmTryCompileExec2018378639.dir/build.make CMakeFiles/cmTryCompileExec2018378639.dir/build
gmake[1]: 进入目录“/home/zhangbin/nuf/nfshome/st/toffaletti/armhfcross/CMakeFiles/CMakeTmp”
/usr/bin/cmake -E cmake_progress_report /home/zhangbin/nuf/nfshome/st/toffaletti/armhfcross/CMakeFiles/CMakeTmp/CMakeFiles 1
Building C object CMakeFiles/cmTryCompileExec2018378639.dir/CMakeCCompilerABI.c.o
/home/zhangbin/android/tools/gcc-linaro-4.9-2014.11-x86_64_arm-linux-gnueabihf/bin/arm-linux-gnueabihf-gcc    -o CMakeFiles/cmTryCompileExec2018378639.dir/CMakeCCompilerABI.c.o   -c /usr/share/cmake/Modules/CMakeCCompilerABI.c
Linking C executable cmTryCompileExec2018378639
/usr/bin/cmake -E cmake_link_script CMakeFiles/cmTryCompileExec2018378639.dir/link.txt --verbose=1
/home/zhangbin/android/tools/gcc-linaro-4.9-2014.11-x86_64_arm-linux-gnueabihf/bin/arm-linux-gnueabihf-gcc       -v CMakeFiles/cmTryCompileExec2018378639.dir/CMakeCCompilerABI.c.o  -o cmTryCompileExec2018378639 -rdynamic  
Using built-in specs.
COLLECT_GCC=/home/zhangbin/android/tools/gcc-linaro-4.9-2014.11-x86_64_arm-linux-gnueabihf/bin/arm-linux-gnueabihf-gcc
COLLECT_LTO_WRAPPER=/home/zhangbin/android/tools/gcc-linaro-4.9-2014.11-x86_64_arm-linux-gnueabihf/bin/../libexec/gcc/arm-linux-gnueabihf/4.9.3/lto-wrapper
Target: arm-linux-gnueabihf
Configured with: /home/buildslave/workspace/BinaryRelease/label/x86_64/target/arm-linux-gnueabihf/snapshots/gcc-linaro-4.9-2014.11/configure SHELL=/bin/bash --with-bugurl=https://bugs.linaro.org --with-mpc=/home/buildslave/workspace/BinaryRelease/label/x86_64/target/arm-linux-gnueabihf/_build/builds/destdir/x86_64-unknown-linux-gnu --with-mpfr=/home/buildslave/workspace/BinaryRelease/label/x86_64/target/arm-linux-gnueabihf/_build/builds/destdir/x86_64-unknown-linux-gnu --with-gmp=/home/buildslave/workspace/BinaryRelease/label/x86_64/target/arm-linux-gnueabihf/_build/builds/destdir/x86_64-unknown-linux-gnu --with-gnu-as --with-gnu-ld --disable-libstdcxx-pch --disable-libmudflap --with-cloog=no --with-ppl=no --with-isl=no --disable-nls --enable-multiarch --disable-multilib --enable-c99 --with-tune=cortex-a9 --with-arch=armv7-a --with-fpu=vfpv3-d16 --with-float=hard --with-mode=thumb --disable-shared --enable-static --with-build-sysroot=/home/buildslave/workspace/BinaryRelease/label/x86_64/target/arm-linux-gnueabihf/_build/sysroots/arm-linux-gnueabihf --enable-lto --enable-linker-build-id --enable-long-long --enable-shared --with-sysroot=/home/buildslave/workspace/BinaryRelease/label/x86_64/target/arm-linux-gnueabihf/_build/builds/destdir/x86_64-unknown-linux-gnu/libc --enable-languages=c,c++,fortran,lto -enable-fix-cortex-a53-835769 --enable-checking=release --with-bugurl=https://bugs.linaro.org --with-pkgversion='Linaro GCC 2014.11' --build=x86_64-unknown-linux-gnu --host=x86_64-unknown-linux-gnu --target=arm-linux-gnueabihf --prefix=/home/buildslave/workspace/BinaryRelease/label/x86_64/target/arm-linux-gnueabihf/_build/builds/destdir/x86_64-unknown-linux-gnu
Thread model: posix
gcc version 4.9.3 20141031 (prerelease) (Linaro GCC 2014.11) 
COMPILER_PATH=/home/zhangbin/android/tools/gcc-linaro-4.9-2014.11-x86_64_arm-linux-gnueabihf/bin/../libexec/gcc/arm-linux-gnueabihf/4.9.3/:/home/zhangbin/android/tools/gcc-linaro-4.9-2014.11-x86_64_arm-linux-gnueabihf/bin/../libexec/gcc/arm-linux-gnueabihf/:/home/zhangbin/android/tools/gcc-linaro-4.9-2014.11-x86_64_arm-linux-gnueabihf/bin/../libexec/gcc/:/home/zhangbin/android/tools/gcc-linaro-4.9-2014.11-x86_64_arm-linux-gnueabihf/bin/../lib/gcc/arm-linux-gnueabihf/4.9.3/../../../../arm-linux-gnueabihf/bin/
LIBRARY_PATH=/home/zhangbin/android/tools/gcc-linaro-4.9-2014.11-x86_64_arm-linux-gnueabihf/bin/../lib/gcc/arm-linux-gnueabihf/4.9.3/:/home/zhangbin/android/tools/gcc-linaro-4.9-2014.11-x86_64_arm-linux-gnueabihf/bin/../lib/gcc/arm-linux-gnueabihf/:/home/zhangbin/android/tools/gcc-linaro-4.9-2014.11-x86_64_arm-linux-gnueabihf/bin/../lib/gcc/:/home/zhangbin/android/tools/gcc-linaro-4.9-2014.11-x86_64_arm-linux-gnueabihf/bin/../lib/gcc/arm-linux-gnueabihf/4.9.3/../../../../arm-linux-gnueabihf/lib/:/home/zhangbin/android/tools/gcc-linaro-4.9-2014.11-x86_64_arm-linux-gnueabihf/bin/../libc/lib/:/home/zhangbin/android/tools/gcc-linaro-4.9-2014.11-x86_64_arm-linux-gnueabihf/bin/../libc/usr/lib/
COLLECT_GCC_OPTIONS='-v' '-o' 'cmTryCompileExec2018378639' '-rdynamic' '-march=armv7-a' '-mtune=cortex-a9' '-mfloat-abi=hard' '-mfpu=vfpv3-d16' '-mthumb' '-mtls-dialect=gnu'
 /home/zhangbin/android/tools/gcc-linaro-4.9-2014.11-x86_64_arm-linux-gnueabihf/bin/../libexec/gcc/arm-linux-gnueabihf/4.9.3/collect2 -plugin /home/zhangbin/android/tools/gcc-linaro-4.9-2014.11-x86_64_arm-linux-gnueabihf/bin/../libexec/gcc/arm-linux-gnueabihf/4.9.3/liblto_plugin.so -plugin-opt=/home/zhangbin/android/tools/gcc-linaro-4.9-2014.11-x86_64_arm-linux-gnueabihf/bin/../libexec/gcc/arm-linux-gnueabihf/4.9.3/lto-wrapper -plugin-opt=-fresolution=/tmp/ccfLJf9z.res -plugin-opt=-pass-through=-lgcc -plugin-opt=-pass-through=-lgcc_s -plugin-opt=-pass-through=-lc -plugin-opt=-pass-through=-lgcc -plugin-opt=-pass-through=-lgcc_s --sysroot=/home/zhangbin/android/tools/gcc-linaro-4.9-2014.11-x86_64_arm-linux-gnueabihf/bin/../libc --build-id --eh-frame-hdr -export-dynamic -dynamic-linker /lib/ld-linux-armhf.so.3 -X -m armelf_linux_eabi -o cmTryCompileExec2018378639 /home/zhangbin/android/tools/gcc-linaro-4.9-2014.11-x86_64_arm-linux-gnueabihf/bin/../libc/usr/lib/crt1.o /home/zhangbin/android/tools/gcc-linaro-4.9-2014.11-x86_64_arm-linux-gnueabihf/bin/../libc/usr/lib/crti.o /home/zhangbin/android/tools/gcc-linaro-4.9-2014.11-x86_64_arm-linux-gnueabihf/bin/../lib/gcc/arm-linux-gnueabihf/4.9.3/crtbegin.o -L/home/zhangbin/android/tools/gcc-linaro-4.9-2014.11-x86_64_arm-linux-gnueabihf/bin/../lib/gcc/arm-linux-gnueabihf/4.9.3 -L/home/zhangbin/android/tools/gcc-linaro-4.9-2014.11-x86_64_arm-linux-gnueabihf/bin/../lib/gcc/arm-linux-gnueabihf -L/home/zhangbin/android/tools/gcc-linaro-4.9-2014.11-x86_64_arm-linux-gnueabihf/bin/../lib/gcc -L/home/zhangbin/android/tools/gcc-linaro-4.9-2014.11-x86_64_arm-linux-gnueabihf/bin/../lib/gcc/arm-linux-gnueabihf/4.9.3/../../../../arm-linux-gnueabihf/lib -L/home/zhangbin/android/tools/gcc-linaro-4.9-2014.11-x86_64_arm-linux-gnueabihf/bin/../libc/lib -L/home/zhangbin/android/tools/gcc-linaro-4.9-2014.11-x86_64_arm-linux-gnueabihf/bin/../libc/usr/lib CMakeFiles/cmTryCompileExec2018378639.dir/CMakeCCompilerABI.c.o -lgcc --as-needed -lgcc_s --no-as-needed -lc -lgcc --as-needed -lgcc_s --no-as-needed /home/zhangbin/android/tools/gcc-linaro-4.9-2014.11-x86_64_arm-linux-gnueabihf/bin/../lib/gcc/arm-linux-gnueabihf/4.9.3/crtend.o /home/zhangbin/android/tools/gcc-linaro-4.9-2014.11-x86_64_arm-linux-gnueabihf/bin/../libc/usr/lib/crtn.o
gmake[1]: 离开目录“/home/zhangbin/nuf/nfshome/st/toffaletti/armhfcross/CMakeFiles/CMakeTmp”


Parsed C implicit link information from above output:
  link line regex: [^( *|.*[/\])(arm-linux-gnueabihf-ld|ld|collect2)[^/\]*( |$)]
  ignore line: [Change Dir: /home/zhangbin/nuf/nfshome/st/toffaletti/armhfcross/CMakeFiles/CMakeTmp]
  ignore line: []
  ignore line: [Run Build Command:/bin/gmake "cmTryCompileExec2018378639/fast"]
  ignore line: [/bin/gmake -f CMakeFiles/cmTryCompileExec2018378639.dir/build.make CMakeFiles/cmTryCompileExec2018378639.dir/build]
  ignore line: [gmake[1]: 进入目录“/home/zhangbin/nuf/nfshome/st/toffaletti/armhfcross/CMakeFiles/CMakeTmp”]
  ignore line: [/usr/bin/cmake -E cmake_progress_report /home/zhangbin/nuf/nfshome/st/toffaletti/armhfcross/CMakeFiles/CMakeTmp/CMakeFiles 1]
  ignore line: [Building C object CMakeFiles/cmTryCompileExec2018378639.dir/CMakeCCompilerABI.c.o]
  ignore line: [/home/zhangbin/android/tools/gcc-linaro-4.9-2014.11-x86_64_arm-linux-gnueabihf/bin/arm-linux-gnueabihf-gcc    -o CMakeFiles/cmTryCompileExec2018378639.dir/CMakeCCompilerABI.c.o   -c /usr/share/cmake/Modules/CMakeCCompilerABI.c]
  ignore line: [Linking C executable cmTryCompileExec2018378639]
  ignore line: [/usr/bin/cmake -E cmake_link_script CMakeFiles/cmTryCompileExec2018378639.dir/link.txt --verbose=1]
  ignore line: [/home/zhangbin/android/tools/gcc-linaro-4.9-2014.11-x86_64_arm-linux-gnueabihf/bin/arm-linux-gnueabihf-gcc       -v CMakeFiles/cmTryCompileExec2018378639.dir/CMakeCCompilerABI.c.o  -o cmTryCompileExec2018378639 -rdynamic  ]
  ignore line: [Using built-in specs.]
  ignore line: [COLLECT_GCC=/home/zhangbin/android/tools/gcc-linaro-4.9-2014.11-x86_64_arm-linux-gnueabihf/bin/arm-linux-gnueabihf-gcc]
  ignore line: [COLLECT_LTO_WRAPPER=/home/zhangbin/android/tools/gcc-linaro-4.9-2014.11-x86_64_arm-linux-gnueabihf/bin/../libexec/gcc/arm-linux-gnueabihf/4.9.3/lto-wrapper]
  ignore line: [Target: arm-linux-gnueabihf]
  ignore line: [Configured with: /home/buildslave/workspace/BinaryRelease/label/x86_64/target/arm-linux-gnueabihf/snapshots/gcc-linaro-4.9-2014.11/configure SHELL=/bin/bash --with-bugurl=https://bugs.linaro.org --with-mpc=/home/buildslave/workspace/BinaryRelease/label/x86_64/target/arm-linux-gnueabihf/_build/builds/destdir/x86_64-unknown-linux-gnu --with-mpfr=/home/buildslave/workspace/BinaryRelease/label/x86_64/target/arm-linux-gnueabihf/_build/builds/destdir/x86_64-unknown-linux-gnu --with-gmp=/home/buildslave/workspace/BinaryRelease/label/x86_64/target/arm-linux-gnueabihf/_build/builds/destdir/x86_64-unknown-linux-gnu --with-gnu-as --with-gnu-ld --disable-libstdcxx-pch --disable-libmudflap --with-cloog=no --with-ppl=no --with-isl=no --disable-nls --enable-multiarch --disable-multilib --enable-c99 --with-tune=cortex-a9 --with-arch=armv7-a --with-fpu=vfpv3-d16 --with-float=hard --with-mode=thumb --disable-shared --enable-static --with-build-sysroot=/home/buildslave/workspace/BinaryRelease/label/x86_64/target/arm-linux-gnueabihf/_build/sysroots/arm-linux-gnueabihf --enable-lto --enable-linker-build-id --enable-long-long --enable-shared --with-sysroot=/home/buildslave/workspace/BinaryRelease/label/x86_64/target/arm-linux-gnueabihf/_build/builds/destdir/x86_64-unknown-linux-gnu/libc --enable-languages=c,c++,fortran,lto -enable-fix-cortex-a53-835769 --enable-checking=release --with-bugurl=https://bugs.linaro.org --with-pkgversion='Linaro GCC 2014.11' --build=x86_64-unknown-linux-gnu --host=x86_64-unknown-linux-gnu --target=arm-linux-gnueabihf --prefix=/home/buildslave/workspace/BinaryRelease/label/x86_64/target/arm-linux-gnueabihf/_build/builds/destdir/x86_64-unknown-linux-gnu]
  ignore line: [Thread model: posix]
  ignore line: [gcc version 4.9.3 20141031 (prerelease) (Linaro GCC 2014.11) ]
  ignore line: [COMPILER_PATH=/home/zhangbin/android/tools/gcc-linaro-4.9-2014.11-x86_64_arm-linux-gnueabihf/bin/../libexec/gcc/arm-linux-gnueabihf/4.9.3/:/home/zhangbin/android/tools/gcc-linaro-4.9-2014.11-x86_64_arm-linux-gnueabihf/bin/../libexec/gcc/arm-linux-gnueabihf/:/home/zhangbin/android/tools/gcc-linaro-4.9-2014.11-x86_64_arm-linux-gnueabihf/bin/../libexec/gcc/:/home/zhangbin/android/tools/gcc-linaro-4.9-2014.11-x86_64_arm-linux-gnueabihf/bin/../lib/gcc/arm-linux-gnueabihf/4.9.3/../../../../arm-linux-gnueabihf/bin/]
  ignore line: [LIBRARY_PATH=/home/zhangbin/android/tools/gcc-linaro-4.9-2014.11-x86_64_arm-linux-gnueabihf/bin/../lib/gcc/arm-linux-gnueabihf/4.9.3/:/home/zhangbin/android/tools/gcc-linaro-4.9-2014.11-x86_64_arm-linux-gnueabihf/bin/../lib/gcc/arm-linux-gnueabihf/:/home/zhangbin/android/tools/gcc-linaro-4.9-2014.11-x86_64_arm-linux-gnueabihf/bin/../lib/gcc/:/home/zhangbin/android/tools/gcc-linaro-4.9-2014.11-x86_64_arm-linux-gnueabihf/bin/../lib/gcc/arm-linux-gnueabihf/4.9.3/../../../../arm-linux-gnueabihf/lib/:/home/zhangbin/android/tools/gcc-linaro-4.9-2014.11-x86_64_arm-linux-gnueabihf/bin/../libc/lib/:/home/zhangbin/android/tools/gcc-linaro-4.9-2014.11-x86_64_arm-linux-gnueabihf/bin/../libc/usr/lib/]
  ignore line: [COLLECT_GCC_OPTIONS='-v' '-o' 'cmTryCompileExec2018378639' '-rdynamic' '-march=armv7-a' '-mtune=cortex-a9' '-mfloat-abi=hard' '-mfpu=vfpv3-d16' '-mthumb' '-mtls-dialect=gnu']
  link line: [ /home/zhangbin/android/tools/gcc-linaro-4.9-2014.11-x86_64_arm-linux-gnueabihf/bin/../libexec/gcc/arm-linux-gnueabihf/4.9.3/collect2 -plugin /home/zhangbin/android/tools/gcc-linaro-4.9-2014.11-x86_64_arm-linux-gnueabihf/bin/../libexec/gcc/arm-linux-gnueabihf/4.9.3/liblto_plugin.so -plugin-opt=/home/zhangbin/android/tools/gcc-linaro-4.9-2014.11-x86_64_arm-linux-gnueabihf/bin/../libexec/gcc/arm-linux-gnueabihf/4.9.3/lto-wrapper -plugin-opt=-fresolution=/tmp/ccfLJf9z.res -plugin-opt=-pass-through=-lgcc -plugin-opt=-pass-through=-lgcc_s -plugin-opt=-pass-through=-lc -plugin-opt=-pass-through=-lgcc -plugin-opt=-pass-through=-lgcc_s --sysroot=/home/zhangbin/android/tools/gcc-linaro-4.9-2014.11-x86_64_arm-linux-gnueabihf/bin/../libc --build-id --eh-frame-hdr -export-dynamic -dynamic-linker /lib/ld-linux-armhf.so.3 -X -m armelf_linux_eabi -o cmTryCompileExec2018378639 /home/zhangbin/android/tools/gcc-linaro-4.9-2014.11-x86_64_arm-linux-gnueabihf/bin/../libc/usr/lib/crt1.o /home/zhangbin/android/tools/gcc-linaro-4.9-2014.11-x86_64_arm-linux-gnueabihf/bin/../libc/usr/lib/crti.o /home/zhangbin/android/tools/gcc-linaro-4.9-2014.11-x86_64_arm-linux-gnueabihf/bin/../lib/gcc/arm-linux-gnueabihf/4.9.3/crtbegin.o -L/home/zhangbin/android/tools/gcc-linaro-4.9-2014.11-x86_64_arm-linux-gnueabihf/bin/../lib/gcc/arm-linux-gnueabihf/4.9.3 -L/home/zhangbin/android/tools/gcc-linaro-4.9-2014.11-x86_64_arm-linux-gnueabihf/bin/../lib/gcc/arm-linux-gnueabihf -L/home/zhangbin/android/tools/gcc-linaro-4.9-2014.11-x86_64_arm-linux-gnueabihf/bin/../lib/gcc -L/home/zhangbin/android/tools/gcc-linaro-4.9-2014.11-x86_64_arm-linux-gnueabihf/bin/../lib/gcc/arm-linux-gnueabihf/4.9.3/../../../../arm-linux-gnueabihf/lib -L/home/zhangbin/android/tools/gcc-linaro-4.9-2014.11-x86_64_arm-linux-gnueabihf/bin/../libc/lib -L/home/zhangbin/android/tools/gcc-linaro-4.9-2014.11-x86_64_arm-linux-gnueabihf/bin/../libc/usr/lib CMakeFiles/cmTryCompileExec2018378639.dir/CMakeCCompilerABI.c.o -lgcc --as-needed -lgcc_s --no-as-needed -lc -lgcc --as-needed -lgcc_s --no-as-needed /home/zhangbin/android/tools/gcc-linaro-4.9-2014.11-x86_64_arm-linux-gnueabihf/bin/../lib/gcc/arm-linux-gnueabihf/4.9.3/crtend.o /home/zhangbin/android/tools/gcc-linaro-4.9-2014.11-x86_64_arm-linux-gnueabihf/bin/../libc/usr/lib/crtn.o]
    arg [/home/zhangbin/android/tools/gcc-linaro-4.9-2014.11-x86_64_arm-linux-gnueabihf/bin/../libexec/gcc/arm-linux-gnueabihf/4.9.3/collect2] ==> ignore
    arg [-plugin] ==> ignore
    arg [/home/zhangbin/android/tools/gcc-linaro-4.9-2014.11-x86_64_arm-linux-gnueabihf/bin/../libexec/gcc/arm-linux-gnueabihf/4.9.3/liblto_plugin.so] ==> ignore
    arg [-plugin-opt=/home/zhangbin/android/tools/gcc-linaro-4.9-2014.11-x86_64_arm-linux-gnueabihf/bin/../libexec/gcc/arm-linux-gnueabihf/4.9.3/lto-wrapper] ==> ignore
    arg [-plugin-opt=-fresolution=/tmp/ccfLJf9z.res] ==> ignore
    arg [-plugin-opt=-pass-through=-lgcc] ==> ignore
    arg [-plugin-opt=-pass-through=-lgcc_s] ==> ignore
    arg [-plugin-opt=-pass-through=-lc] ==> ignore
    arg [-plugin-opt=-pass-through=-lgcc] ==> ignore
    arg [-plugin-opt=-pass-through=-lgcc_s] ==> ignore
    arg [--sysroot=/home/zhangbin/android/tools/gcc-linaro-4.9-2014.11-x86_64_arm-linux-gnueabihf/bin/../libc] ==> ignore
    arg [--build-id] ==> ignore
    arg [--eh-frame-hdr] ==> ignore
    arg [-export-dynamic] ==> ignore
    arg [-dynamic-linker] ==> ignore
    arg [/lib/ld-linux-armhf.so.3] ==> ignore
    arg [-X] ==> ignore
    arg [-m] ==> ignore
    arg [armelf_linux_eabi] ==> ignore
    arg [-o] ==> ignore
    arg [cmTryCompileExec2018378639] ==> ignore
    arg [/home/zhangbin/android/tools/gcc-linaro-4.9-2014.11-x86_64_arm-linux-gnueabihf/bin/../libc/usr/lib/crt1.o] ==> ignore
    arg [/home/zhangbin/android/tools/gcc-linaro-4.9-2014.11-x86_64_arm-linux-gnueabihf/bin/../libc/usr/lib/crti.o] ==> ignore
    arg [/home/zhangbin/android/tools/gcc-linaro-4.9-2014.11-x86_64_arm-linux-gnueabihf/bin/../lib/gcc/arm-linux-gnueabihf/4.9.3/crtbegin.o] ==> ignore
    arg [-L/home/zhangbin/android/tools/gcc-linaro-4.9-2014.11-x86_64_arm-linux-gnueabihf/bin/../lib/gcc/arm-linux-gnueabihf/4.9.3] ==> dir [/home/zhangbin/android/tools/gcc-linaro-4.9-2014.11-x86_64_arm-linux-gnueabihf/bin/../lib/gcc/arm-linux-gnueabihf/4.9.3]
    arg [-L/home/zhangbin/android/tools/gcc-linaro-4.9-2014.11-x86_64_arm-linux-gnueabihf/bin/../lib/gcc/arm-linux-gnueabihf] ==> dir [/home/zhangbin/android/tools/gcc-linaro-4.9-2014.11-x86_64_arm-linux-gnueabihf/bin/../lib/gcc/arm-linux-gnueabihf]
    arg [-L/home/zhangbin/android/tools/gcc-linaro-4.9-2014.11-x86_64_arm-linux-gnueabihf/bin/../lib/gcc] ==> dir [/home/zhangbin/android/tools/gcc-linaro-4.9-2014.11-x86_64_arm-linux-gnueabihf/bin/../lib/gcc]
    arg [-L/home/zhangbin/android/tools/gcc-linaro-4.9-2014.11-x86_64_arm-linux-gnueabihf/bin/../lib/gcc/arm-linux-gnueabihf/4.9.3/../../../../arm-linux-gnueabihf/lib] ==> dir [/home/zhangbin/android/tools/gcc-linaro-4.9-2014.11-x86_64_arm-linux-gnueabihf/bin/../lib/gcc/arm-linux-gnueabihf/4.9.3/../../../../arm-linux-gnueabihf/lib]
    arg [-L/home/zhangbin/android/tools/gcc-linaro-4.9-2014.11-x86_64_arm-linux-gnueabihf/bin/../libc/lib] ==> dir [/home/zhangbin/android/tools/gcc-linaro-4.9-2014.11-x86_64_arm-linux-gnueabihf/bin/../libc/lib]
    arg [-L/home/zhangbin/android/tools/gcc-linaro-4.9-2014.11-x86_64_arm-linux-gnueabihf/bin/../libc/usr/lib] ==> dir [/home/zhangbin/android/tools/gcc-linaro-4.9-2014.11-x86_64_arm-linux-gnueabihf/bin/../libc/usr/lib]
    arg [CMakeFiles/cmTryCompileExec2018378639.dir/CMakeCCompilerABI.c.o] ==> ignore
    arg [-lgcc] ==> lib [gcc]
    arg [--as-needed] ==> ignore
    arg [-lgcc_s] ==> lib [gcc_s]
    arg [--no-as-needed] ==> ignore
    arg [-lc] ==> lib [c]
    arg [-lgcc] ==> lib [gcc]
    arg [--as-needed] ==> ignore
    arg [-lgcc_s] ==> lib [gcc_s]
    arg [--no-as-needed] ==> ignore
    arg [/home/zhangbin/android/tools/gcc-linaro-4.9-2014.11-x86_64_arm-linux-gnueabihf/bin/../lib/gcc/arm-linux-gnueabihf/4.9.3/crtend.o] ==> ignore
    arg [/home/zhangbin/android/tools/gcc-linaro-4.9-2014.11-x86_64_arm-linux-gnueabihf/bin/../libc/usr/lib/crtn.o] ==> ignore
  remove lib [gcc]
  remove lib [gcc_s]
  remove lib [gcc]
  remove lib [gcc_s]
  collapse library dir [/home/zhangbin/android/tools/gcc-linaro-4.9-2014.11-x86_64_arm-linux-gnueabihf/bin/../lib/gcc/arm-linux-gnueabihf/4.9.3] ==> [/home/zhangbin/android/tools/gcc-linaro-4.9-2014.11-x86_64_arm-linux-gnueabihf/lib/gcc/arm-linux-gnueabihf/4.9.3]
  collapse library dir [/home/zhangbin/android/tools/gcc-linaro-4.9-2014.11-x86_64_arm-linux-gnueabihf/bin/../lib/gcc/arm-linux-gnueabihf] ==> [/home/zhangbin/android/tools/gcc-linaro-4.9-2014.11-x86_64_arm-linux-gnueabihf/lib/gcc/arm-linux-gnueabihf]
  collapse library dir [/home/zhangbin/android/tools/gcc-linaro-4.9-2014.11-x86_64_arm-linux-gnueabihf/bin/../lib/gcc] ==> [/home/zhangbin/android/tools/gcc-linaro-4.9-2014.11-x86_64_arm-linux-gnueabihf/lib/gcc]
  collapse library dir [/home/zhangbin/android/tools/gcc-linaro-4.9-2014.11-x86_64_arm-linux-gnueabihf/bin/../lib/gcc/arm-linux-gnueabihf/4.9.3/../../../../arm-linux-gnueabihf/lib] ==> [/home/zhangbin/android/tools/gcc-linaro-4.9-2014.11-x86_64_arm-linux-gnueabihf/arm-linux-gnueabihf/lib]
  collapse library dir [/home/zhangbin/android/tools/gcc-linaro-4.9-2014.11-x86_64_arm-linux-gnueabihf/bin/../libc/lib] ==> [/home/zhangbin/android/tools/gcc-linaro-4.9-2014.11-x86_64_arm-linux-gnueabihf/libc/lib]
  collapse library dir [/home/zhangbin/android/tools/gcc-linaro-4.9-2014.11-x86_64_arm-linux-gnueabihf/bin/../libc/usr/lib] ==> [/home/zhangbin/android/tools/gcc-linaro-4.9-2014.11-x86_64_arm-linux-gnueabihf/libc/usr/lib]
  implicit libs: [c]
  implicit dirs: [/home/zhangbin/android/tools/gcc-linaro-4.9-2014.11-x86_64_arm-linux-gnueabihf/lib/gcc/arm-linux-gnueabihf/4.9.3;/home/zhangbin/android/tools/gcc-linaro-4.9-2014.11-x86_64_arm-linux-gnueabihf/lib/gcc/arm-linux-gnueabihf;/home/zhangbin/android/tools/gcc-linaro-4.9-2014.11-x86_64_arm-linux-gnueabihf/lib/gcc;/home/zhangbin/android/tools/gcc-linaro-4.9-2014.11-x86_64_arm-linux-gnueabihf/arm-linux-gnueabihf/lib;/home/zhangbin/android/tools/gcc-linaro-4.9-2014.11-x86_64_arm-linux-gnueabihf/libc/lib;/home/zhangbin/android/tools/gcc-linaro-4.9-2014.11-x86_64_arm-linux-gnueabihf/libc/usr/lib]
  implicit fwks: []


Determining if the CXX compiler works passed with the following output:
Change Dir: /home/zhangbin/nuf/nfshome/st/toffaletti/armhfcross/CMakeFiles/CMakeTmp

Run Build Command:/bin/gmake "cmTryCompileExec3286525275/fast"
/bin/gmake -f CMakeFiles/cmTryCompileExec3286525275.dir/build.make CMakeFiles/cmTryCompileExec3286525275.dir/build
gmake[1]: 进入目录“/home/zhangbin/nuf/nfshome/st/toffaletti/armhfcross/CMakeFiles/CMakeTmp”
/usr/bin/cmake -E cmake_progress_report /home/zhangbin/nuf/nfshome/st/toffaletti/armhfcross/CMakeFiles/CMakeTmp/CMakeFiles 1
Building CXX object CMakeFiles/cmTryCompileExec3286525275.dir/testCXXCompiler.cxx.o
/home/zhangbin/android/tools/gcc-linaro-4.9-2014.11-x86_64_arm-linux-gnueabihf/bin/arm-linux-gnueabihf-g++     -o CMakeFiles/cmTryCompileExec3286525275.dir/testCXXCompiler.cxx.o -c /home/zhangbin/nuf/nfshome/st/toffaletti/armhfcross/CMakeFiles/CMakeTmp/testCXXCompiler.cxx
Linking CXX executable cmTryCompileExec3286525275
/usr/bin/cmake -E cmake_link_script CMakeFiles/cmTryCompileExec3286525275.dir/link.txt --verbose=1
/home/zhangbin/android/tools/gcc-linaro-4.9-2014.11-x86_64_arm-linux-gnueabihf/bin/arm-linux-gnueabihf-g++          CMakeFiles/cmTryCompileExec3286525275.dir/testCXXCompiler.cxx.o  -o cmTryCompileExec3286525275 -rdynamic 
gmake[1]: 离开目录“/home/zhangbin/nuf/nfshome/st/toffaletti/armhfcross/CMakeFiles/CMakeTmp”


Detecting CXX compiler ABI info compiled with the following output:
Change Dir: /home/zhangbin/nuf/nfshome/st/toffaletti/armhfcross/CMakeFiles/CMakeTmp

Run Build Command:/bin/gmake "cmTryCompileExec2280683767/fast"
/bin/gmake -f CMakeFiles/cmTryCompileExec2280683767.dir/build.make CMakeFiles/cmTryCompileExec2280683767.dir/build
gmake[1]: 进入目录“/home/zhangbin/nuf/nfshome/st/toffaletti/armhfcross/CMakeFiles/CMakeTmp”
/usr/bin/cmake -E cmake_progress_report /home/zhangbin/nuf/nfshome/st/toffaletti/armhfcross/CMakeFiles/CMakeTmp/CMakeFiles 1
Building CXX object CMakeFiles/cmTryCompileExec2280683767.dir/CMakeCXXCompilerABI.cpp.o
/home/zhangbin/android/tools/gcc-linaro-4.9-2014.11-x86_64_arm-linux-gnueabihf/bin/arm-linux-gnueabihf-g++     -o CMakeFiles/cmTryCompileExec2280683767.dir/CMakeCXXCompilerABI.cpp.o -c /usr/share/cmake/Modules/CMakeCXXCompilerABI.cpp
Linking CXX executable cmTryCompileExec2280683767
/usr/bin/cmake -E cmake_link_script CMakeFiles/cmTryCompileExec2280683767.dir/link.txt --verbose=1
/home/zhangbin/android/tools/gcc-linaro-4.9-2014.11-x86_64_arm-linux-gnueabihf/bin/arm-linux-gnueabihf-g++        -v CMakeFiles/cmTryCompileExec2280683767.dir/CMakeCXXCompilerABI.cpp.o  -o cmTryCompileExec2280683767 -rdynamic  
Using built-in specs.
COLLECT_GCC=/home/zhangbin/android/tools/gcc-linaro-4.9-2014.11-x86_64_arm-linux-gnueabihf/bin/arm-linux-gnueabihf-g++
COLLECT_LTO_WRAPPER=/home/zhangbin/android/tools/gcc-linaro-4.9-2014.11-x86_64_arm-linux-gnueabihf/bin/../libexec/gcc/arm-linux-gnueabihf/4.9.3/lto-wrapper
Target: arm-linux-gnueabihf
Configured with: /home/buildslave/workspace/BinaryRelease/label/x86_64/target/arm-linux-gnueabihf/snapshots/gcc-linaro-4.9-2014.11/configure SHELL=/bin/bash --with-bugurl=https://bugs.linaro.org --with-mpc=/home/buildslave/workspace/BinaryRelease/label/x86_64/target/arm-linux-gnueabihf/_build/builds/destdir/x86_64-unknown-linux-gnu --with-mpfr=/home/buildslave/workspace/BinaryRelease/label/x86_64/target/arm-linux-gnueabihf/_build/builds/destdir/x86_64-unknown-linux-gnu --with-gmp=/home/buildslave/workspace/BinaryRelease/label/x86_64/target/arm-linux-gnueabihf/_build/builds/destdir/x86_64-unknown-linux-gnu --with-gnu-as --with-gnu-ld --disable-libstdcxx-pch --disable-libmudflap --with-cloog=no --with-ppl=no --with-isl=no --disable-nls --enable-multiarch --disable-multilib --enable-c99 --with-tune=cortex-a9 --with-arch=armv7-a --with-fpu=vfpv3-d16 --with-float=hard --with-mode=thumb --disable-shared --enable-static --with-build-sysroot=/home/buildslave/workspace/BinaryRelease/label/x86_64/target/arm-linux-gnueabihf/_build/sysroots/arm-linux-gnueabihf --enable-lto --enable-linker-build-id --enable-long-long --enable-shared --with-sysroot=/home/buildslave/workspace/BinaryRelease/label/x86_64/target/arm-linux-gnueabihf/_build/builds/destdir/x86_64-unknown-linux-gnu/libc --enable-languages=c,c++,fortran,lto -enable-fix-cortex-a53-835769 --enable-checking=release --with-bugurl=https://bugs.linaro.org --with-pkgversion='Linaro GCC 2014.11' --build=x86_64-unknown-linux-gnu --host=x86_64-unknown-linux-gnu --target=arm-linux-gnueabihf --prefix=/home/buildslave/workspace/BinaryRelease/label/x86_64/target/arm-linux-gnueabihf/_build/builds/destdir/x86_64-unknown-linux-gnu
Thread model: posix
gcc version 4.9.3 20141031 (prerelease) (Linaro GCC 2014.11) 
COMPILER_PATH=/home/zhangbin/android/tools/gcc-linaro-4.9-2014.11-x86_64_arm-linux-gnueabihf/bin/../libexec/gcc/arm-linux-gnueabihf/4.9.3/:/home/zhangbin/android/tools/gcc-linaro-4.9-2014.11-x86_64_arm-linux-gnueabihf/bin/../libexec/gcc/arm-linux-gnueabihf/:/home/zhangbin/android/tools/gcc-linaro-4.9-2014.11-x86_64_arm-linux-gnueabihf/bin/../libexec/gcc/:/home/zhangbin/android/tools/gcc-linaro-4.9-2014.11-x86_64_arm-linux-gnueabihf/bin/../lib/gcc/arm-linux-gnueabihf/4.9.3/../../../../arm-linux-gnueabihf/bin/
LIBRARY_PATH=/home/zhangbin/android/tools/gcc-linaro-4.9-2014.11-x86_64_arm-linux-gnueabihf/bin/../lib/gcc/arm-linux-gnueabihf/4.9.3/:/home/zhangbin/android/tools/gcc-linaro-4.9-2014.11-x86_64_arm-linux-gnueabihf/bin/../lib/gcc/arm-linux-gnueabihf/:/home/zhangbin/android/tools/gcc-linaro-4.9-2014.11-x86_64_arm-linux-gnueabihf/bin/../lib/gcc/:/home/zhangbin/android/tools/gcc-linaro-4.9-2014.11-x86_64_arm-linux-gnueabihf/bin/../lib/gcc/arm-linux-gnueabihf/4.9.3/../../../../arm-linux-gnueabihf/lib/:/home/zhangbin/android/tools/gcc-linaro-4.9-2014.11-x86_64_arm-linux-gnueabihf/bin/../libc/lib/:/home/zhangbin/android/tools/gcc-linaro-4.9-2014.11-x86_64_arm-linux-gnueabihf/bin/../libc/usr/lib/
COLLECT_GCC_OPTIONS='-v' '-o' 'cmTryCompileExec2280683767' '-rdynamic' '-shared-libgcc' '-march=armv7-a' '-mtune=cortex-a9' '-mfloat-abi=hard' '-mfpu=vfpv3-d16' '-mthumb' '-mtls-dialect=gnu'
 /home/zhangbin/android/tools/gcc-linaro-4.9-2014.11-x86_64_arm-linux-gnueabihf/bin/../libexec/gcc/arm-linux-gnueabihf/4.9.3/collect2 -plugin /home/zhangbin/android/tools/gcc-linaro-4.9-2014.11-x86_64_arm-linux-gnueabihf/bin/../libexec/gcc/arm-linux-gnueabihf/4.9.3/liblto_plugin.so -plugin-opt=/home/zhangbin/android/tools/gcc-linaro-4.9-2014.11-x86_64_arm-linux-gnueabihf/bin/../libexec/gcc/arm-linux-gnueabihf/4.9.3/lto-wrapper -plugin-opt=-fresolution=/tmp/ccH8hp7H.res -plugin-opt=-pass-through=-lgcc_s -plugin-opt=-pass-through=-lgcc -plugin-opt=-pass-through=-lc -plugin-opt=-pass-through=-lgcc_s -plugin-opt=-pass-through=-lgcc --sysroot=/home/zhangbin/android/tools/gcc-linaro-4.9-2014.11-x86_64_arm-linux-gnueabihf/bin/../libc --build-id --eh-frame-hdr -export-dynamic -dynamic-linker /lib/ld-linux-armhf.so.3 -X -m armelf_linux_eabi -o cmTryCompileExec2280683767 /home/zhangbin/android/tools/gcc-linaro-4.9-2014.11-x86_64_arm-linux-gnueabihf/bin/../libc/usr/lib/crt1.o /home/zhangbin/android/tools/gcc-linaro-4.9-2014.11-x86_64_arm-linux-gnueabihf/bin/../libc/usr/lib/crti.o /home/zhangbin/android/tools/gcc-linaro-4.9-2014.11-x86_64_arm-linux-gnueabihf/bin/../lib/gcc/arm-linux-gnueabihf/4.9.3/crtbegin.o -L/home/zhangbin/android/tools/gcc-linaro-4.9-2014.11-x86_64_arm-linux-gnueabihf/bin/../lib/gcc/arm-linux-gnueabihf/4.9.3 -L/home/zhangbin/android/tools/gcc-linaro-4.9-2014.11-x86_64_arm-linux-gnueabihf/bin/../lib/gcc/arm-linux-gnueabihf -L/home/zhangbin/android/tools/gcc-linaro-4.9-2014.11-x86_64_arm-linux-gnueabihf/bin/../lib/gcc -L/home/zhangbin/android/tools/gcc-linaro-4.9-2014.11-x86_64_arm-linux-gnueabihf/bin/../lib/gcc/arm-linux-gnueabihf/4.9.3/../../../../arm-linux-gnueabihf/lib -L/home/zhangbin/android/tools/gcc-linaro-4.9-2014.11-x86_64_arm-linux-gnueabihf/bin/../libc/lib -L/home/zhangbin/android/tools/gcc-linaro-4.9-2014.11-x86_64_arm-linux-gnueabihf/bin/../libc/usr/lib CMakeFiles/cmTryCompileExec2280683767.dir/CMakeCXXCompilerABI.cpp.o -lstdc++ -lm -lgcc_s -lgcc -lc -lgcc_s -lgcc /home/zhangbin/android/tools/gcc-linaro-4.9-2014.11-x86_64_arm-linux-gnueabihf/bin/../lib/gcc/arm-linux-gnueabihf/4.9.3/crtend.o /home/zhangbin/android/tools/gcc-linaro-4.9-2014.11-x86_64_arm-linux-gnueabihf/bin/../libc/usr/lib/crtn.o
gmake[1]: 离开目录“/home/zhangbin/nuf/nfshome/st/toffaletti/armhfcross/CMakeFiles/CMakeTmp”


Parsed CXX implicit link information from above output:
  link line regex: [^( *|.*[/\])(arm-linux-gnueabihf-ld|ld|collect2)[^/\]*( |$)]
  ignore line: [Change Dir: /home/zhangbin/nuf/nfshome/st/toffaletti/armhfcross/CMakeFiles/CMakeTmp]
  ignore line: []
  ignore line: [Run Build Command:/bin/gmake "cmTryCompileExec2280683767/fast"]
  ignore line: [/bin/gmake -f CMakeFiles/cmTryCompileExec2280683767.dir/build.make CMakeFiles/cmTryCompileExec2280683767.dir/build]
  ignore line: [gmake[1]: 进入目录“/home/zhangbin/nuf/nfshome/st/toffaletti/armhfcross/CMakeFiles/CMakeTmp”]
  ignore line: [/usr/bin/cmake -E cmake_progress_report /home/zhangbin/nuf/nfshome/st/toffaletti/armhfcross/CMakeFiles/CMakeTmp/CMakeFiles 1]
  ignore line: [Building CXX object CMakeFiles/cmTryCompileExec2280683767.dir/CMakeCXXCompilerABI.cpp.o]
  ignore line: [/home/zhangbin/android/tools/gcc-linaro-4.9-2014.11-x86_64_arm-linux-gnueabihf/bin/arm-linux-gnueabihf-g++     -o CMakeFiles/cmTryCompileExec2280683767.dir/CMakeCXXCompilerABI.cpp.o -c /usr/share/cmake/Modules/CMakeCXXCompilerABI.cpp]
  ignore line: [Linking CXX executable cmTryCompileExec2280683767]
  ignore line: [/usr/bin/cmake -E cmake_link_script CMakeFiles/cmTryCompileExec2280683767.dir/link.txt --verbose=1]
  ignore line: [/home/zhangbin/android/tools/gcc-linaro-4.9-2014.11-x86_64_arm-linux-gnueabihf/bin/arm-linux-gnueabihf-g++        -v CMakeFiles/cmTryCompileExec2280683767.dir/CMakeCXXCompilerABI.cpp.o  -o cmTryCompileExec2280683767 -rdynamic  ]
  ignore line: [Using built-in specs.]
  ignore line: [COLLECT_GCC=/home/zhangbin/android/tools/gcc-linaro-4.9-2014.11-x86_64_arm-linux-gnueabihf/bin/arm-linux-gnueabihf-g++]
  ignore line: [COLLECT_LTO_WRAPPER=/home/zhangbin/android/tools/gcc-linaro-4.9-2014.11-x86_64_arm-linux-gnueabihf/bin/../libexec/gcc/arm-linux-gnueabihf/4.9.3/lto-wrapper]
  ignore line: [Target: arm-linux-gnueabihf]
  ignore line: [Configured with: /home/buildslave/workspace/BinaryRelease/label/x86_64/target/arm-linux-gnueabihf/snapshots/gcc-linaro-4.9-2014.11/configure SHELL=/bin/bash --with-bugurl=https://bugs.linaro.org --with-mpc=/home/buildslave/workspace/BinaryRelease/label/x86_64/target/arm-linux-gnueabihf/_build/builds/destdir/x86_64-unknown-linux-gnu --with-mpfr=/home/buildslave/workspace/BinaryRelease/label/x86_64/target/arm-linux-gnueabihf/_build/builds/destdir/x86_64-unknown-linux-gnu --with-gmp=/home/buildslave/workspace/BinaryRelease/label/x86_64/target/arm-linux-gnueabihf/_build/builds/destdir/x86_64-unknown-linux-gnu --with-gnu-as --with-gnu-ld --disable-libstdcxx-pch --disable-libmudflap --with-cloog=no --with-ppl=no --with-isl=no --disable-nls --enable-multiarch --disable-multilib --enable-c99 --with-tune=cortex-a9 --with-arch=armv7-a --with-fpu=vfpv3-d16 --with-float=hard --with-mode=thumb --disable-shared --enable-static --with-build-sysroot=/home/buildslave/workspace/BinaryRelease/label/x86_64/target/arm-linux-gnueabihf/_build/sysroots/arm-linux-gnueabihf --enable-lto --enable-linker-build-id --enable-long-long --enable-shared --with-sysroot=/home/buildslave/workspace/BinaryRelease/label/x86_64/target/arm-linux-gnueabihf/_build/builds/destdir/x86_64-unknown-linux-gnu/libc --enable-languages=c,c++,fortran,lto -enable-fix-cortex-a53-835769 --enable-checking=release --with-bugurl=https://bugs.linaro.org --with-pkgversion='Linaro GCC 2014.11' --build=x86_64-unknown-linux-gnu --host=x86_64-unknown-linux-gnu --target=arm-linux-gnueabihf --prefix=/home/buildslave/workspace/BinaryRelease/label/x86_64/target/arm-linux-gnueabihf/_build/builds/destdir/x86_64-unknown-linux-gnu]
  ignore line: [Thread model: posix]
  ignore line: [gcc version 4.9.3 20141031 (prerelease) (Linaro GCC 2014.11) ]
  ignore line: [COMPILER_PATH=/home/zhangbin/android/tools/gcc-linaro-4.9-2014.11-x86_64_arm-linux-gnueabihf/bin/../libexec/gcc/arm-linux-gnueabihf/4.9.3/:/home/zhangbin/android/tools/gcc-linaro-4.9-2014.11-x86_64_arm-linux-gnueabihf/bin/../libexec/gcc/arm-linux-gnueabihf/:/home/zhangbin/android/tools/gcc-linaro-4.9-2014.11-x86_64_arm-linux-gnueabihf/bin/../libexec/gcc/:/home/zhangbin/android/tools/gcc-linaro-4.9-2014.11-x86_64_arm-linux-gnueabihf/bin/../lib/gcc/arm-linux-gnueabihf/4.9.3/../../../../arm-linux-gnueabihf/bin/]
  ignore line: [LIBRARY_PATH=/home/zhangbin/android/tools/gcc-linaro-4.9-2014.11-x86_64_arm-linux-gnueabihf/bin/../lib/gcc/arm-linux-gnueabihf/4.9.3/:/home/zhangbin/android/tools/gcc-linaro-4.9-2014.11-x86_64_arm-linux-gnueabihf/bin/../lib/gcc/arm-linux-gnueabihf/:/home/zhangbin/android/tools/gcc-linaro-4.9-2014.11-x86_64_arm-linux-gnueabihf/bin/../lib/gcc/:/home/zhangbin/android/tools/gcc-linaro-4.9-2014.11-x86_64_arm-linux-gnueabihf/bin/../lib/gcc/arm-linux-gnueabihf/4.9.3/../../../../arm-linux-gnueabihf/lib/:/home/zhangbin/android/tools/gcc-linaro-4.9-2014.11-x86_64_arm-linux-gnueabihf/bin/../libc/lib/:/home/zhangbin/android/tools/gcc-linaro-4.9-2014.11-x86_64_arm-linux-gnueabihf/bin/../libc/usr/lib/]
  ignore line: [COLLECT_GCC_OPTIONS='-v' '-o' 'cmTryCompileExec2280683767' '-rdynamic' '-shared-libgcc' '-march=armv7-a' '-mtune=cortex-a9' '-mfloat-abi=hard' '-mfpu=vfpv3-d16' '-mthumb' '-mtls-dialect=gnu']
  link line: [ /home/zhangbin/android/tools/gcc-linaro-4.9-2014.11-x86_64_arm-linux-gnueabihf/bin/../libexec/gcc/arm-linux-gnueabihf/4.9.3/collect2 -plugin /home/zhangbin/android/tools/gcc-linaro-4.9-2014.11-x86_64_arm-linux-gnueabihf/bin/../libexec/gcc/arm-linux-gnueabihf/4.9.3/liblto_plugin.so -plugin-opt=/home/zhangbin/android/tools/gcc-linaro-4.9-2014.11-x86_64_arm-linux-gnueabihf/bin/../libexec/gcc/arm-linux-gnueabihf/4.9.3/lto-wrapper -plugin-opt=-fresolution=/tmp/ccH8hp7H.res -plugin-opt=-pass-through=-lgcc_s -plugin-opt=-pass-through=-lgcc -plugin-opt=-pass-through=-lc -plugin-opt=-pass-through=-lgcc_s -plugin-opt=-pass-through=-lgcc --sysroot=/home/zhangbin/android/tools/gcc-linaro-4.9-2014.11-x86_64_arm-linux-gnueabihf/bin/../libc --build-id --eh-frame-hdr -export-dynamic -dynamic-linker /lib/ld-linux-armhf.so.3 -X -m armelf_linux_eabi -o cmTryCompileExec2280683767 /home/zhangbin/android/tools/gcc-linaro-4.9-2014.11-x86_64_arm-linux-gnueabihf/bin/../libc/usr/lib/crt1.o /home/zhangbin/android/tools/gcc-linaro-4.9-2014.11-x86_64_arm-linux-gnueabihf/bin/../libc/usr/lib/crti.o /home/zhangbin/android/tools/gcc-linaro-4.9-2014.11-x86_64_arm-linux-gnueabihf/bin/../lib/gcc/arm-linux-gnueabihf/4.9.3/crtbegin.o -L/home/zhangbin/android/tools/gcc-linaro-4.9-2014.11-x86_64_arm-linux-gnueabihf/bin/../lib/gcc/arm-linux-gnueabihf/4.9.3 -L/home/zhangbin/android/tools/gcc-linaro-4.9-2014.11-x86_64_arm-linux-gnueabihf/bin/../lib/gcc/arm-linux-gnueabihf -L/home/zhangbin/android/tools/gcc-linaro-4.9-2014.11-x86_64_arm-linux-gnueabihf/bin/../lib/gcc -L/home/zhangbin/android/tools/gcc-linaro-4.9-2014.11-x86_64_arm-linux-gnueabihf/bin/../lib/gcc/arm-linux-gnueabihf/4.9.3/../../../../arm-linux-gnueabihf/lib -L/home/zhangbin/android/tools/gcc-linaro-4.9-2014.11-x86_64_arm-linux-gnueabihf/bin/../libc/lib -L/home/zhangbin/android/tools/gcc-linaro-4.9-2014.11-x86_64_arm-linux-gnueabihf/bin/../libc/usr/lib CMakeFiles/cmTryCompileExec2280683767.dir/CMakeCXXCompilerABI.cpp.o -lstdc++ -lm -lgcc_s -lgcc -lc -lgcc_s -lgcc /home/zhangbin/android/tools/gcc-linaro-4.9-2014.11-x86_64_arm-linux-gnueabihf/bin/../lib/gcc/arm-linux-gnueabihf/4.9.3/crtend.o /home/zhangbin/android/tools/gcc-linaro-4.9-2014.11-x86_64_arm-linux-gnueabihf/bin/../libc/usr/lib/crtn.o]
    arg [/home/zhangbin/android/tools/gcc-linaro-4.9-2014.11-x86_64_arm-linux-gnueabihf/bin/../libexec/gcc/arm-linux-gnueabihf/4.9.3/collect2] ==> ignore
    arg [-plugin] ==> ignore
    arg [/home/zhangbin/android/tools/gcc-linaro-4.9-2014.11-x86_64_arm-linux-gnueabihf/bin/../libexec/gcc/arm-linux-gnueabihf/4.9.3/liblto_plugin.so] ==> ignore
    arg [-plugin-opt=/home/zhangbin/android/tools/gcc-linaro-4.9-2014.11-x86_64_arm-linux-gnueabihf/bin/../libexec/gcc/arm-linux-gnueabihf/4.9.3/lto-wrapper] ==> ignore
    arg [-plugin-opt=-fresolution=/tmp/ccH8hp7H.res] ==> ignore
    arg [-plugin-opt=-pass-through=-lgcc_s] ==> ignore
    arg [-plugin-opt=-pass-through=-lgcc] ==> ignore
    arg [-plugin-opt=-pass-through=-lc] ==> ignore
    arg [-plugin-opt=-pass-through=-lgcc_s] ==> ignore
    arg [-plugin-opt=-pass-through=-lgcc] ==> ignore
    arg [--sysroot=/home/zhangbin/android/tools/gcc-linaro-4.9-2014.11-x86_64_arm-linux-gnueabihf/bin/../libc] ==> ignore
    arg [--build-id] ==> ignore
    arg [--eh-frame-hdr] ==> ignore
    arg [-export-dynamic] ==> ignore
    arg [-dynamic-linker] ==> ignore
    arg [/lib/ld-linux-armhf.so.3] ==> ignore
    arg [-X] ==> ignore
    arg [-m] ==> ignore
    arg [armelf_linux_eabi] ==> ignore
    arg [-o] ==> ignore
    arg [cmTryCompileExec2280683767] ==> ignore
    arg [/home/zhangbin/android/tools/gcc-linaro-4.9-2014.11-x86_64_arm-linux-gnueabihf/bin/../libc/usr/lib/crt1.o] ==> ignore
    arg [/home/zhangbin/android/tools/gcc-linaro-4.9-2014.11-x86_64_arm-linux-gnueabihf/bin/../libc/usr/lib/crti.o] ==> ignore
    arg [/home/zhangbin/android/tools/gcc-linaro-4.9-2014.11-x86_64_arm-linux-gnueabihf/bin/../lib/gcc/arm-linux-gnueabihf/4.9.3/crtbegin.o] ==> ignore
    arg [-L/home/zhangbin/android/tools/gcc-linaro-4.9-2014.11-x86_64_arm-linux-gnueabihf/bin/../lib/gcc/arm-linux-gnueabihf/4.9.3] ==> dir [/home/zhangbin/android/tools/gcc-linaro-4.9-2014.11-x86_64_arm-linux-gnueabihf/bin/../lib/gcc/arm-linux-gnueabihf/4.9.3]
    arg [-L/home/zhangbin/android/tools/gcc-linaro-4.9-2014.11-x86_64_arm-linux-gnueabihf/bin/../lib/gcc/arm-linux-gnueabihf] ==> dir [/home/zhangbin/android/tools/gcc-linaro-4.9-2014.11-x86_64_arm-linux-gnueabihf/bin/../lib/gcc/arm-linux-gnueabihf]
    arg [-L/home/zhangbin/android/tools/gcc-linaro-4.9-2014.11-x86_64_arm-linux-gnueabihf/bin/../lib/gcc] ==> dir [/home/zhangbin/android/tools/gcc-linaro-4.9-2014.11-x86_64_arm-linux-gnueabihf/bin/../lib/gcc]
    arg [-L/home/zhangbin/android/tools/gcc-linaro-4.9-2014.11-x86_64_arm-linux-gnueabihf/bin/../lib/gcc/arm-linux-gnueabihf/4.9.3/../../../../arm-linux-gnueabihf/lib] ==> dir [/home/zhangbin/android/tools/gcc-linaro-4.9-2014.11-x86_64_arm-linux-gnueabihf/bin/../lib/gcc/arm-linux-gnueabihf/4.9.3/../../../../arm-linux-gnueabihf/lib]
    arg [-L/home/zhangbin/android/tools/gcc-linaro-4.9-2014.11-x86_64_arm-linux-gnueabihf/bin/../libc/lib] ==> dir [/home/zhangbin/android/tools/gcc-linaro-4.9-2014.11-x86_64_arm-linux-gnueabihf/bin/../libc/lib]
    arg [-L/home/zhangbin/android/tools/gcc-linaro-4.9-2014.11-x86_64_arm-linux-gnueabihf/bin/../libc/usr/lib] ==> dir [/home/zhangbin/android/tools/gcc-linaro-4.9-2014.11-x86_64_arm-linux-gnueabihf/bin/../libc/usr/lib]
    arg [CMakeFiles/cmTryCompileExec2280683767.dir/CMakeCXXCompilerABI.cpp.o] ==> ignore
    arg [-lstdc++] ==> lib [stdc++]
    arg [-lm] ==> lib [m]
    arg [-lgcc_s] ==> lib [gcc_s]
    arg [-lgcc] ==> lib [gcc]
    arg [-lc] ==> lib [c]
    arg [-lgcc_s] ==> lib [gcc_s]
    arg [-lgcc] ==> lib [gcc]
    arg [/home/zhangbin/android/tools/gcc-linaro-4.9-2014.11-x86_64_arm-linux-gnueabihf/bin/../lib/gcc/arm-linux-gnueabihf/4.9.3/crtend.o] ==> ignore
    arg [/home/zhangbin/android/tools/gcc-linaro-4.9-2014.11-x86_64_arm-linux-gnueabihf/bin/../libc/usr/lib/crtn.o] ==> ignore
  remove lib [gcc_s]
  remove lib [gcc]
  remove lib [gcc_s]
  remove lib [gcc]
  collapse library dir [/home/zhangbin/android/tools/gcc-linaro-4.9-2014.11-x86_64_arm-linux-gnueabihf/bin/../lib/gcc/arm-linux-gnueabihf/4.9.3] ==> [/home/zhangbin/android/tools/gcc-linaro-4.9-2014.11-x86_64_arm-linux-gnueabihf/lib/gcc/arm-linux-gnueabihf/4.9.3]
  collapse library dir [/home/zhangbin/android/tools/gcc-linaro-4.9-2014.11-x86_64_arm-linux-gnueabihf/bin/../lib/gcc/arm-linux-gnueabihf] ==> [/home/zhangbin/android/tools/gcc-linaro-4.9-2014.11-x86_64_arm-linux-gnueabihf/lib/gcc/arm-linux-gnueabihf]
  collapse library dir [/home/zhangbin/android/tools/gcc-linaro-4.9-2014.11-x86_64_arm-linux-gnueabihf/bin/../lib/gcc] ==> [/home/zhangbin/android/tools/gcc-linaro-4.9-2014.11-x86_64_arm-linux-gnueabihf/lib/gcc]
  collapse library dir [/home/zhangbin/android/tools/gcc-linaro-4.9-2014.11-x86_64_arm-linux-gnueabihf/bin/../lib/gcc/arm-linux-gnueabihf/4.9.3/../../../../arm-linux-gnueabihf/lib] ==> [/home/zhangbin/android/tools/gcc-linaro-4.9-2014.11-x86_64_arm-linux-gnueabihf/arm-linux-gnueabihf/lib]
  collapse library dir [/home/zhangbin/android/tools/gcc-linaro-4.9-2014.11-x86_64_arm-linux-gnueabihf/bin/../libc/lib] ==> [/home/zhangbin/android/tools/gcc-linaro-4.9-2014.11-x86_64_arm-linux-gnueabihf/libc/lib]
  collapse library dir [/home/zhangbin/android/tools/gcc-linaro-4.9-2014.11-x86_64_arm-linux-gnueabihf/bin/../libc/usr/lib] ==> [/home/zhangbin/android/tools/gcc-linaro-4.9-2014.11-x86_64_arm-linux-gnueabihf/libc/usr/lib]
  implicit libs: [stdc++;m;c]
  implicit dirs: [/home/zhangbin/android/tools/gcc-linaro-4.9-2014.11-x86_64_arm-linux-gnueabihf/lib/gcc/arm-linux-gnueabihf/4.9.3;/home/zhangbin/android/tools/gcc-linaro-4.9-2014.11-x86_64_arm-linux-gnueabihf/lib/gcc/arm-linux-gnueabihf;/home/zhangbin/android/tools/gcc-linaro-4.9-2014.11-x86_64_arm-linux-gnueabihf/lib/gcc;/home/zhangbin/android/tools/gcc-linaro-4.9-2014.11-x86_64_arm-linux-gnueabihf/arm-linux-gnueabihf/lib;/home/zhangbin/android/tools/gcc-linaro-4.9-2014.11-x86_64_arm-linux-gnueabihf/libc/lib;/home/zhangbin/android/tools/gcc-linaro-4.9-2014.11-x86_64_arm-linux-gnueabihf/libc/usr/lib]
  implicit fwks: []


